TN:
SF:src\presentation\controllers\signup\signup-protocols.ts
FNF:0
FNH:0
DA:1,0
DA:2,0
DA:3,0
DA:4,0
LF:4
LH:0
BRF:0
BRH:0
end_of_record
TN:
SF:src\presentation\controllers\signup\signup.ts
FN:9,(anonymous_0)
FN:14,(anonymous_1)
FNF:2
FNH:2
FNDA:12,(anonymous_0)
FNDA:12,(anonymous_1)
DA:1,1
DA:2,1
DA:5,1
DA:10,12
DA:11,12
DA:15,12
DA:16,12
DA:17,12
DA:18,42
DA:19,4
DA:22,8
DA:23,8
DA:24,1
DA:26,7
DA:27,6
DA:28,1
DA:30,5
DA:35,4
DA:37,2
LF:19
LH:19
BRDA:18,0,0,4
BRDA:23,1,0,1
BRDA:27,2,0,1
BRF:3
BRH:3
end_of_record
TN:
SF:src\presentation\errors\index.ts
FNF:0
FNH:0
DA:1,1
DA:2,1
DA:3,1
LF:3
LH:3
BRF:0
BRH:0
end_of_record
